<?xml version="1.0" encoding="utf-8"?><testsuite errors="0" failures="0" name="pytest" skipped="0" tests="1" time="0.052"><testcase classname="test_sample" file="test_sample.py" line="4" name="test_answer" time="0.000"></testcase></testsuite>